# JRE version: Java(TM) SE Runtime Environment (21.0.6+8) (build 21.0.6+8-LTS-188)
# Java VM: Java HotSpot(TM) 64-Bit Server VM (21.0.6+8-LTS-188, mixed mode, sharing, tiered, compressed oops, compressed class ptrs, g1 gc, windows-amd64)
GC Precious Log:
 CardTable entry size: 512
 Card Set container configuration: InlinePtr #cards 5 size 8 Array Of Cards #cards 12 size 40 Howl #buckets 4 coarsen threshold 1843 Howl Bitmap #cards 512 size 80 coarsen threshold 460 Card regions per heap region 1 cards per card region 2048
 CPUs: 4 total, 4 available
 Memory: 8089M
 Large Page Support: Disabled
 NUMA Support: Disabled
 Compressed Oops: Enabled (32-bit)
 Heap Region Size: 1M
 Heap Min Capacity: 8M
 Heap Initial Capacity: 128M
 Heap Max Capacity: 2G
 Pre-touch: Disabled
 Parallel Workers: 4
 Concurrent Workers: 1
 Concurrent Refinement Workers: 4
 Periodic GC: Disabled
Heap:
 garbage-first heap   total 442368K, used 223744K [0x0000000080000000, 0x0000000100000000)
  region size 1024K, 27 young (27648K), 2 survivors (2048K)
 Metaspace       used 159805K, committed 162560K, reserved 622592K
  class space    used 20932K, committed 22272K, reserved 425984K
GC Heap History (20 events):
Event: 313.216 GC heap before
{Heap before GC invocations=125 (full 0):
 garbage-first heap   total 442368K, used 409326K [0x0000000080000000, 0x0000000100000000)
  region size 1024K, 216 young (221184K), 8 survivors (8192K)
 Metaspace       used 159613K, committed 162368K, reserved 622592K
  class space    used 20915K, committed 22272K, reserved 425984K
}
Event: 313.237 GC heap after
{Heap after GC invocations=126 (full 0):
 garbage-first heap   total 442368K, used 196146K [0x0000000080000000, 0x0000000100000000)
  region size 1024K, 8 young (8192K), 8 survivors (8192K)
 Metaspace       used 159613K, committed 162368K, reserved 622592K
  class space    used 20915K, committed 22272K, reserved 425984K
}
Event: 315.661 GC heap before
{Heap before GC invocations=127 (full 0):
 garbage-first heap   total 442368K, used 409138K [0x0000000080000000, 0x0000000100000000)
  region size 1024K, 216 young (221184K), 8 survivors (8192K)
 Metaspace       used 159671K, committed 162432K, reserved 622592K
  class space    used 20923K, committed 22272K, reserved 425984K
}
Event: 315.673 GC heap after
{Heap after GC invocations=128 (full 0):
 garbage-first heap   total 442368K, used 192875K [0x0000000080000000, 0x0000000100000000)
  region size 1024K, 5 young (5120K), 5 survivors (5120K)
 Metaspace       used 159671K, committed 162432K, reserved 622592K
  class space    used 20923K, committed 22272K, reserved 425984K
}
Event: 317.457 GC heap before
{Heap before GC invocations=128 (full 0):
 garbage-first heap   total 442368K, used 412011K [0x0000000080000000, 0x0000000100000000)
  region size 1024K, 219 young (224256K), 5 survivors (5120K)
 Metaspace       used 159685K, committed 162432K, reserved 622592K
  class space    used 20923K, committed 22272K, reserved 425984K
}
Event: 317.504 GC heap after
{Heap after GC invocations=129 (full 0):
 garbage-first heap   total 442368K, used 210178K [0x0000000080000000, 0x0000000100000000)
  region size 1024K, 22 young (22528K), 22 survivors (22528K)
 Metaspace       used 159685K, committed 162432K, reserved 622592K
  class space    used 20923K, committed 22272K, reserved 425984K
}
Event: 318.747 GC heap before
{Heap before GC invocations=129 (full 0):
 garbage-first heap   total 442368K, used 395522K [0x0000000080000000, 0x0000000100000000)
  region size 1024K, 203 young (207872K), 22 survivors (22528K)
 Metaspace       used 159722K, committed 162432K, reserved 622592K
  class space    used 20927K, committed 22272K, reserved 425984K
}
Event: 318.785 GC heap after
{Heap after GC invocations=130 (full 0):
 garbage-first heap   total 442368K, used 203522K [0x0000000080000000, 0x0000000100000000)
  region size 1024K, 3 young (3072K), 3 survivors (3072K)
 Metaspace       used 159722K, committed 162432K, reserved 622592K
  class space    used 20927K, committed 22272K, reserved 425984K
}
Event: 320.126 GC heap before
{Heap before GC invocations=130 (full 0):
 garbage-first heap   total 442368K, used 414466K [0x0000000080000000, 0x0000000100000000)
  region size 1024K, 209 young (214016K), 3 survivors (3072K)
 Metaspace       used 159751K, committed 162496K, reserved 622592K
  class space    used 20929K, committed 22272K, reserved 425984K
}
Event: 320.135 GC heap after
{Heap after GC invocations=131 (full 0):
 garbage-first heap   total 442368K, used 204013K [0x0000000080000000, 0x0000000100000000)
  region size 1024K, 3 young (3072K), 3 survivors (3072K)
 Metaspace       used 159751K, committed 162496K, reserved 622592K
  class space    used 20929K, committed 22272K, reserved 425984K
}
Event: 321.596 GC heap before
{Heap before GC invocations=132 (full 0):
 garbage-first heap   total 442368K, used 409837K [0x0000000080000000, 0x0000000100000000)
  region size 1024K, 209 young (214016K), 3 survivors (3072K)
 Metaspace       used 159766K, committed 162496K, reserved 622592K
  class space    used 20931K, committed 22272K, reserved 425984K
}
Event: 321.606 GC heap after
{Heap after GC invocations=133 (full 0):
 garbage-first heap   total 442368K, used 198855K [0x0000000080000000, 0x0000000100000000)
  region size 1024K, 3 young (3072K), 3 survivors (3072K)
 Metaspace       used 159766K, committed 162496K, reserved 622592K
  class space    used 20931K, committed 22272K, reserved 425984K
}
Event: 322.474 GC heap before
{Heap before GC invocations=133 (full 0):
 garbage-first heap   total 442368K, used 414919K [0x0000000080000000, 0x0000000100000000)
  region size 1024K, 214 young (219136K), 3 survivors (3072K)
 Metaspace       used 159769K, committed 162496K, reserved 622592K
  class space    used 20931K, committed 22272K, reserved 425984K
}
Event: 322.489 GC heap after
{Heap after GC invocations=134 (full 0):
 garbage-first heap   total 442368K, used 186201K [0x0000000080000000, 0x0000000100000000)
  region size 1024K, 5 young (5120K), 5 survivors (5120K)
 Metaspace       used 159769K, committed 162496K, reserved 622592K
  class space    used 20931K, committed 22272K, reserved 425984K
}
Event: 323.044 GC heap before
{Heap before GC invocations=134 (full 0):
 garbage-first heap   total 442368K, used 289625K [0x0000000080000000, 0x0000000100000000)
  region size 1024K, 107 young (109568K), 5 survivors (5120K)
 Metaspace       used 159788K, committed 162496K, reserved 622592K
  class space    used 20931K, committed 22272K, reserved 425984K
}
Event: 323.067 GC heap after
{Heap after GC invocations=135 (full 0):
 garbage-first heap   total 442368K, used 190377K [0x0000000080000000, 0x0000000100000000)
  region size 1024K, 9 young (9216K), 9 survivors (9216K)
 Metaspace       used 159788K, committed 162496K, reserved 622592K
  class space    used 20931K, committed 22272K, reserved 425984K
}
Event: 325.756 GC heap before
{Heap before GC invocations=136 (full 0):
 garbage-first heap   total 442368K, used 409513K [0x0000000080000000, 0x0000000100000000)
  region size 1024K, 222 young (227328K), 9 survivors (9216K)
 Metaspace       used 159796K, committed 162560K, reserved 622592K
  class space    used 20931K, committed 22272K, reserved 425984K
}
Event: 325.812 GC heap after
{Heap after GC invocations=137 (full 0):
 garbage-first heap   total 442368K, used 209469K [0x0000000080000000, 0x0000000100000000)
  region size 1024K, 27 young (27648K), 27 survivors (27648K)
 Metaspace       used 159796K, committed 162560K, reserved 622592K
  class space    used 20931K, committed 22272K, reserved 425984K
}
Event: 326.793 GC heap before
{Heap before GC invocations=137 (full 0):
 garbage-first heap   total 442368K, used 390717K [0x0000000080000000, 0x0000000100000000)
  region size 1024K, 204 young (208896K), 27 survivors (27648K)
 Metaspace       used 159805K, committed 162560K, reserved 622592K
  class space    used 20932K, committed 22272K, reserved 425984K
}
Event: 326.835 GC heap after
{Heap after GC invocations=138 (full 0):
 garbage-first heap   total 442368K, used 199168K [0x0000000080000000, 0x0000000100000000)
  region size 1024K, 2 young (2048K), 2 survivors (2048K)
 Metaspace       used 159805K, committed 162560K, reserved 622592K
  class space    used 20932K, committed 22272K, reserved 425984K
}

