# JRE version: Java(TM) SE Runtime Environment (21.0.6+8) (build 21.0.6+8-LTS-188)
# Java VM: Java HotSpot(TM) 64-Bit Server VM (21.0.6+8-LTS-188, mixed mode, sharing, tiered, compressed oops, compressed class ptrs, g1 gc, windows-amd64)
GC Precious Log:
 CardTable entry size: 512
 Card Set container configuration: InlinePtr #cards 5 size 8 Array Of Cards #cards 12 size 40 Howl #buckets 4 coarsen threshold 1843 Howl Bitmap #cards 512 size 80 coarsen threshold 460 Card regions per heap region 1 cards per card region 2048
 CPUs: 4 total, 4 available
 Memory: 8089M
 Large Page Support: Disabled
 NUMA Support: Disabled
 Compressed Oops: Enabled (32-bit)
 Heap Region Size: 1M
 Heap Min Capacity: 8M
 Heap Initial Capacity: 128M
 Heap Max Capacity: 2G
 Pre-touch: Disabled
 Parallel Workers: 4
 Concurrent Workers: 1
 Concurrent Refinement Workers: 4
 Periodic GC: Disabled
Heap:
 garbage-first heap   total 394240K, used 211420K [0x0000000080000000, 0x0000000100000000)
  region size 1024K, 10 young (10240K), 10 survivors (10240K)
 Metaspace       used 134520K, committed 137024K, reserved 557056K
  class space    used 18711K, committed 19968K, reserved 425984K
GC Heap History (20 events):
Event: 72.803 GC heap after
{Heap after GC invocations=54 (full 0):
 garbage-first heap   total 311296K, used 150192K [0x0000000080000000, 0x0000000100000000)
  region size 1024K, 10 young (10240K), 10 survivors (10240K)
 Metaspace       used 114538K, committed 117056K, reserved 557056K
  class space    used 15839K, committed 17088K, reserved 425984K
}
Event: 73.658 GC heap before
{Heap before GC invocations=54 (full 0):
 garbage-first heap   total 311296K, used 282288K [0x0000000080000000, 0x0000000100000000)
  region size 1024K, 140 young (143360K), 10 survivors (10240K)
 Metaspace       used 114538K, committed 117056K, reserved 557056K
  class space    used 15839K, committed 17088K, reserved 425984K
}
Event: 73.678 GC heap after
{Heap after GC invocations=55 (full 0):
 garbage-first heap   total 311296K, used 150846K [0x0000000080000000, 0x0000000100000000)
  region size 1024K, 10 young (10240K), 10 survivors (10240K)
 Metaspace       used 114538K, committed 117056K, reserved 557056K
  class space    used 15839K, committed 17088K, reserved 425984K
}
Event: 76.205 GC heap before
{Heap before GC invocations=56 (full 0):
 garbage-first heap   total 314368K, used 282942K [0x0000000080000000, 0x0000000100000000)
  region size 1024K, 140 young (143360K), 10 survivors (10240K)
 Metaspace       used 125000K, committed 127616K, reserved 557056K
  class space    used 17444K, committed 18752K, reserved 425984K
}
Event: 76.251 GC heap after
{Heap after GC invocations=57 (full 0):
 garbage-first heap   total 314368K, used 157431K [0x0000000080000000, 0x0000000100000000)
  region size 1024K, 15 young (15360K), 15 survivors (15360K)
 Metaspace       used 125000K, committed 127616K, reserved 557056K
  class space    used 17444K, committed 18752K, reserved 425984K
}
Event: 79.591 GC heap before
{Heap before GC invocations=57 (full 0):
 garbage-first heap   total 314368K, used 280311K [0x0000000080000000, 0x0000000100000000)
  region size 1024K, 136 young (139264K), 15 survivors (15360K)
 Metaspace       used 131108K, committed 133696K, reserved 557056K
  class space    used 18304K, committed 19584K, reserved 425984K
}
Event: 79.635 GC heap after
{Heap after GC invocations=58 (full 0):
 garbage-first heap   total 314368K, used 164953K [0x0000000080000000, 0x0000000100000000)
  region size 1024K, 16 young (16384K), 16 survivors (16384K)
 Metaspace       used 131108K, committed 133696K, reserved 557056K
  class space    used 18304K, committed 19584K, reserved 425984K
}
Event: 81.581 GC heap before
{Heap before GC invocations=58 (full 0):
 garbage-first heap   total 314368K, used 280665K [0x0000000080000000, 0x0000000100000000)
  region size 1024K, 129 young (132096K), 16 survivors (16384K)
 Metaspace       used 133369K, committed 135936K, reserved 557056K
  class space    used 18629K, committed 19904K, reserved 425984K
}
Event: 81.625 GC heap after
{Heap after GC invocations=59 (full 0):
 garbage-first heap   total 314368K, used 175616K [0x0000000080000000, 0x0000000100000000)
  region size 1024K, 15 young (15360K), 15 survivors (15360K)
 Metaspace       used 133369K, committed 135936K, reserved 557056K
  class space    used 18629K, committed 19904K, reserved 425984K
}
Event: 83.175 GC heap before
{Heap before GC invocations=60 (full 0):
 garbage-first heap   total 329728K, used 281088K [0x0000000080000000, 0x0000000100000000)
  region size 1024K, 118 young (120832K), 15 survivors (15360K)
 Metaspace       used 133874K, committed 136512K, reserved 557056K
  class space    used 18660K, committed 19968K, reserved 425984K
}
Event: 83.208 GC heap after
{Heap after GC invocations=61 (full 0):
 garbage-first heap   total 329728K, used 177664K [0x0000000080000000, 0x0000000100000000)
  region size 1024K, 3 young (3072K), 3 survivors (3072K)
 Metaspace       used 133874K, committed 136512K, reserved 557056K
  class space    used 18660K, committed 19968K, reserved 425984K
}
Event: 84.396 GC heap before
{Heap before GC invocations=61 (full 0):
 garbage-first heap   total 329728K, used 305664K [0x0000000080000000, 0x0000000100000000)
  region size 1024K, 127 young (130048K), 3 survivors (3072K)
 Metaspace       used 134251K, committed 136832K, reserved 557056K
  class space    used 18689K, committed 19968K, reserved 425984K
}
Event: 84.407 GC heap after
{Heap after GC invocations=62 (full 0):
 garbage-first heap   total 329728K, used 181740K [0x0000000080000000, 0x0000000100000000)
  region size 1024K, 6 young (6144K), 6 survivors (6144K)
 Metaspace       used 134251K, committed 136832K, reserved 557056K
  class space    used 18689K, committed 19968K, reserved 425984K
}
Event: 85.254 GC heap before
{Heap before GC invocations=62 (full 0):
 garbage-first heap   total 329728K, used 305644K [0x0000000080000000, 0x0000000100000000)
  region size 1024K, 127 young (130048K), 6 survivors (6144K)
 Metaspace       used 134330K, committed 136896K, reserved 557056K
  class space    used 18690K, committed 19968K, reserved 425984K
}
Event: 85.293 GC heap after
{Heap after GC invocations=63 (full 0):
 garbage-first heap   total 329728K, used 197073K [0x0000000080000000, 0x0000000100000000)
  region size 1024K, 16 young (16384K), 16 survivors (16384K)
 Metaspace       used 134330K, committed 136896K, reserved 557056K
  class space    used 18690K, committed 19968K, reserved 425984K
}
Event: 86.529 GC heap before
{Heap before GC invocations=64 (full 0):
 garbage-first heap   total 394240K, used 290257K [0x0000000080000000, 0x0000000100000000)
  region size 1024K, 109 young (111616K), 16 survivors (16384K)
 Metaspace       used 134370K, committed 136960K, reserved 557056K
  class space    used 18689K, committed 19968K, reserved 425984K
}
Event: 86.583 GC heap after
{Heap after GC invocations=65 (full 0):
 garbage-first heap   total 394240K, used 206232K [0x0000000080000000, 0x0000000100000000)
  region size 1024K, 12 young (12288K), 12 survivors (12288K)
 Metaspace       used 134370K, committed 136960K, reserved 557056K
  class space    used 18689K, committed 19968K, reserved 425984K
}
Event: 87.560 GC heap before
{Heap before GC invocations=65 (full 0):
 garbage-first heap   total 394240K, used 357784K [0x0000000080000000, 0x0000000100000000)
  region size 1024K, 160 young (163840K), 12 survivors (12288K)
 Metaspace       used 134465K, committed 137024K, reserved 557056K
  class space    used 18706K, committed 19968K, reserved 425984K
}
Event: 87.598 GC heap after
{Heap after GC invocations=66 (full 0):
 garbage-first heap   total 394240K, used 211456K [0x0000000080000000, 0x0000000100000000)
  region size 1024K, 10 young (10240K), 10 survivors (10240K)
 Metaspace       used 134465K, committed 137024K, reserved 557056K
  class space    used 18706K, committed 19968K, reserved 425984K
}
Event: 88.489 GC heap before
{Heap before GC invocations=66 (full 0):
 garbage-first heap   total 394240K, used 357888K [0x0000000080000000, 0x0000000100000000)
  region size 1024K, 154 young (157696K), 10 survivors (10240K)
 Metaspace       used 134520K, committed 137024K, reserved 557056K
  class space    used 18711K, committed 19968K, reserved 425984K
}

